[debug] [2023-02-12T12:53:02.273Z] ----------------------------------------------------------------------
[debug] [2023-02-12T12:53:02.275Z] Command:       C:\Program Files\nodejs\node.exe C:\Users\PRATIK RATHOD\AppData\Roaming\npm\node_modules\firebase-tools\lib\bin\firebase.js init
[debug] [2023-02-12T12:53:02.275Z] CLI Version:   11.22.0
[debug] [2023-02-12T12:53:02.276Z] Platform:      win32
[debug] [2023-02-12T12:53:02.276Z] Node Version:  v18.4.0
[debug] [2023-02-12T12:53:02.277Z] Time:          Sun Feb 12 2023 18:23:02 GMT+0530 (India Standard Time)
[debug] [2023-02-12T12:53:02.277Z] ----------------------------------------------------------------------
[debug] 
[debug] [2023-02-12T12:53:02.287Z] > command requires scopes: ["email","openid","https://www.googleapis.com/auth/cloudplatformprojects.readonly","https://www.googleapis.com/auth/firebase","https://www.googleapis.com/auth/cloud-platform"]
[debug] [2023-02-12T12:53:02.287Z] > authorizing via signed-in user (pratikrathod3954@gmail.com)
[info] 
     ######## #### ########  ######## ########     ###     ######  ########
     ##        ##  ##     ## ##       ##     ##  ##   ##  ##       ##
     ######    ##  ########  ######   ########  #########  ######  ######
     ##        ##  ##    ##  ##       ##     ## ##     ##       ## ##
     ##       #### ##     ## ######## ########  ##     ##  ######  ########

You're about to initialize a Firebase project in this directory:

  F:\pratik-master\pratik-master

[info] 
=== Project Setup
[info] 
[info] First, let's associate this project directory with a Firebase project.
[info] You can create multiple project aliases by running firebase use --add, 
[info] but for now we'll just set up a default project.
[info] 
[debug] [2023-02-12T12:53:13.375Z] > refreshing access token with scopes: []
[debug] [2023-02-12T12:53:13.377Z] >>> [apiv2][query] POST https://www.googleapis.com/oauth2/v3/token [none]
[debug] [2023-02-12T12:53:13.377Z] >>> [apiv2][body] POST https://www.googleapis.com/oauth2/v3/token [omitted]
[debug] [2023-02-12T12:53:13.756Z] <<< [apiv2][status] POST https://www.googleapis.com/oauth2/v3/token 200
[debug] [2023-02-12T12:53:13.756Z] <<< [apiv2][body] POST https://www.googleapis.com/oauth2/v3/token [omitted]
[debug] [2023-02-12T12:53:13.775Z] >>> [apiv2][query] GET https://firebase.googleapis.com/v1beta1/projects pageSize=100
[debug] [2023-02-12T12:53:14.704Z] <<< [apiv2][status] GET https://firebase.googleapis.com/v1beta1/projects 200
[debug] [2023-02-12T12:53:14.704Z] <<< [apiv2][body] GET https://firebase.googleapis.com/v1beta1/projects [omitted]
[info] i  Using project pratikportfolio123 (PratikPortfolio) 
[info] 
=== Hosting Setup
[info] 
[info] Your public directory is the folder (relative to your project directory) that
[info] will contain Hosting assets to be uploaded with firebase deploy. If you
[info] have a build process for your assets, use your build's output directory.
[info] 
[debug] [2023-02-12T12:53:34.732Z] >>> [apiv2][query] GET https://www.gstatic.com/firebasejs/releases.json [none]
[debug] [2023-02-12T12:53:34.851Z] <<< [apiv2][status] GET https://www.gstatic.com/firebasejs/releases.json 200
[debug] [2023-02-12T12:53:34.851Z] <<< [apiv2][body] GET https://www.gstatic.com/firebasejs/releases.json {"current":{"version":"9.17.1","browserURL":"https://www.gstatic.com/firebasejs/9.17.1/firebase.js","packageURL":"https://www.gstatic.com/firebasejs/9.17.1/firebase.tgz"},"live":{"version":"9.17","browserURL":"https://www.gstatic.com/firebasejs/live/9.17/firebase.js","packageURL":"https://www.gstatic.com/firebasejs/live/9.17/firebase.tgz"},"components":{"analytics":"https://www.gstatic.com/firebasejs/9.17.1/firebase-analytics.js","app":"https://www.gstatic.com/firebasejs/9.17.1/firebase-app.js","app-check":"https://www.gstatic.com/firebasejs/9.17.1/firebase-app-check.js","auth":"https://www.gstatic.com/firebasejs/9.17.1/firebase-auth.js","auth/cordova":"https://www.gstatic.com/firebasejs/9.17.1/firebase-auth/cordova.js","auth/react-native":"https://www.gstatic.com/firebasejs/9.17.1/firebase-auth/react-native.js","functions":"https://www.gstatic.com/firebasejs/9.17.1/firebase-functions.js","firestore":"https://www.gstatic.com/firebasejs/9.17.1/firebase-firestore.js","firestore/lite":"https://www.gstatic.com/firebasejs/9.17.1/firebase-firestore/lite.js","installations":"https://www.gstatic.com/firebasejs/9.17.1/firebase-installations.js","storage":"https://www.gstatic.com/firebasejs/9.17.1/firebase-storage.js","performance":"https://www.gstatic.com/firebasejs/9.17.1/firebase-performance.js","remote-config":"https://www.gstatic.com/firebasejs/9.17.1/firebase-remote-config.js","messaging":"https://www.gstatic.com/firebasejs/9.17.1/firebase-messaging.js","messaging/sw":"https://www.gstatic.com/firebasejs/9.17.1/firebase-messaging/sw.js","database":"https://www.gstatic.com/firebasejs/9.17.1/firebase-database.js","firestore.memory":"https://www.gstatic.com/firebasejs/9.17.1/firebase-firestore.memory.js"}}
[info] +  Wrote y/index.html 
[info] 
[info] i  Didn't detect a .git folder. Assuming F:\pratik-master\pratik-master is the project root. 
[info] i  Authorizing with GitHub to upload your service account to a GitHub repository's secrets store. 
[info] 
[info] Visit this URL on this device to log in:
[info] https://github.com/login/oauth/authorize?client_id=89cf50f02ac6aaed3484&state=624992217&redirect_uri=http%3A%2F%2Flocalhost%3A9005&scope=read%3Auser%20repo%20public_repo
[info] 
[info] Waiting for authentication...
[debug] [2023-02-12T12:53:42.714Z] >>> [apiv2][query] POST https://github.com/login/oauth/access_token [none]
[debug] [2023-02-12T12:53:42.714Z] >>> [apiv2][body] POST https://github.com/login/oauth/access_token [stream]
[debug] [2023-02-12T12:53:43.117Z] <<< [apiv2][status] POST https://github.com/login/oauth/access_token 200
[debug] [2023-02-12T12:53:43.117Z] <<< [apiv2][body] POST https://github.com/login/oauth/access_token {"access_token":"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","token_type":"bearer","scope":"read:user,repo"}
[debug] [2023-02-12T12:53:43.131Z] >>> [apiv2][query] GET https://api.github.com/user [none]
[debug] [2023-02-12T12:53:43.509Z] <<< [apiv2][status] GET https://api.github.com/user 200
[debug] [2023-02-12T12:53:43.510Z] <<< [apiv2][body] GET https://api.github.com/user {"login":"pratikrk","id":83352530,"node_id":"MDQ6VXNlcjgzMzUyNTMw","avatar_url":"https://avatars.githubusercontent.com/u/83352530?v=4","gravatar_id":"","url":"https://api.github.com/users/pratikrk","html_url":"https://github.com/pratikrk","followers_url":"https://api.github.com/users/pratikrk/followers","following_url":"https://api.github.com/users/pratikrk/following{/other_user}","gists_url":"https://api.github.com/users/pratikrk/gists{/gist_id}","starred_url":"https://api.github.com/users/pratikrk/starred{/owner}{/repo}","subscriptions_url":"https://api.github.com/users/pratikrk/subscriptions","organizations_url":"https://api.github.com/users/pratikrk/orgs","repos_url":"https://api.github.com/users/pratikrk/repos","events_url":"https://api.github.com/users/pratikrk/events{/privacy}","received_events_url":"https://api.github.com/users/pratikrk/received_events","type":"User","site_admin":false,"name":"Pratik Rathod","company":null,"blog":"https://www.linkedin.com/in/pratik-rathod-10a522208/","location":null,"email":null,"hireable":null,"bio":null,"twitter_username":"cyph3r_s","public_repos":17,"public_gists":0,"followers":10,"following":13,"created_at":"2021-04-28T13:16:57Z","updated_at":"2023-02-10T10:56:40Z","private_gists":0,"total_private_repos":2,"owned_private_repos":2,"disk_usage":200170,"collaborators":0,"two_factor_authentication":false,"plan":{"name":"pro","space":976562499,"collaborators":0,"private_repos":9999}}
[info] 
[info] +  Success! Logged into GitHub as pratikrk 
[info] 
